### CookieMapзЙИ curl еЗЇеКЫ (logs/cookiemap.txt) ###
########## CookieMapзЙИ curl 3йА£ ##########
===== 1) sign-in =====
HTTP/1.1 200 OK
Set-Cookie: sessionId=019f7bc7-3e89-7000-86c7-e22b6142e7f1; Path=/; Max-Age=3600; HttpOnly; SameSite=Strict
content-type: text/plain;charset=utf-8
Date: Sun, 19 Jul 2026 19:08:03 GMT
Content-Length: 47

signed in: 019f7bc7-3e89-7000-86c7-e22b6142e7f1
===== 2) whoami (cookieйАБдїШ) =====
HTTP/1.1 200 OK
content-type: text/plain;charset=utf-8
Date: Sun, 19 Jul 2026 19:08:03 GMT
Content-Length: 45

you are: 019f7bc7-3e89-7000-86c7-e22b6142e7f1
===== 3) sign-out (cookieйАБдїШ) =====
HTTP/1.1 200 OK
Set-Cookie: sessionId=; Path=/; Expires=Fri, 1 Jan 1970 00:00:00 -0000; SameSite=Lax
content-type: text/plain;charset=utf-8
Date: Sun, 19 Jul 2026 19:08:03 GMT
Content-Length: 10

signed out
===== 4) fetch гГПгГ≥гГЙгГ©гБІ cookies гБМдљњгБИгВЛгБЛ =====
HTTP/1.1 200 OK
content-type: text/plain;charset=utf-8
Date: Sun, 19 Jul 2026 19:08:03 GMT
Content-Length: 64

fetch handler: typeof req.cookies=undefined, sessionId=undefined
===== cookie jar еЖЕеЃє =====
# Netscape HTTP Cookie File
# https://curl.se/docs/http-cookies.html
# This file was generated by libcurl! Edit at your own risk.

#HttpOnly_localhost	FALSE	/	FALSE	1784491683	sessionId	019f7bc7-3e89-7000-86c7-e22b6142e7f1

### жЙЛеЛХзЙИ(жЬАзµВ) curl еЗЇеКЫ (logs/manual.txt) ###
########## жЙЛеЛХзЙИ(зђђ2зЙИ=е±ЮжАІгВТжПГгБИгБЯеЊМ) curl 3йА£ ##########
===== 1) sign-in =====
HTTP/1.1 200 OK
set-cookie: sessionId=019f7bc8-585c-7000-b57f-4e7c671b4e81; Path=/; Max-Age=3600; HttpOnly; SameSite=Strict
content-type: text/plain;charset=utf-8
Date: Sun, 19 Jul 2026 19:09:15 GMT
Content-Length: 47

signed in: 019f7bc8-585c-7000-b57f-4e7c671b4e81
===== 2) whoami =====
HTTP/1.1 200 OK
content-type: text/plain;charset=utf-8
Date: Sun, 19 Jul 2026 19:09:15 GMT
Content-Length: 45

you are: 019f7bc8-585c-7000-b57f-4e7c671b4e81
===== 3) sign-out =====
HTTP/1.1 200 OK
set-cookie: sessionId=; Path=/; Expires=Fri, 1 Jan 1970 00:00:00 -0000; SameSite=Lax
content-type: text/plain;charset=utf-8
Date: Sun, 19 Jul 2026 19:09:15 GMT
Content-Length: 10

signed out
### Playwright context.cookies() (logs/playwright.log) ###
[01-cookiemap] context.cookies() = [
  {
    "name": "sessionId",
    "value": "019f7bc8-cdd0-7000-bbb5-b808ff1886d8",
    "domain": "localhost",
    "path": "/",
    "expires": 1784491785.297911,
    "httpOnly": true,
    "secure": false,
    "sameSite": "Strict"
  }
]
[01-cookiemap] whoami = you are: 019f7bc8-cdd0-7000-bbb5-b808ff1886d8
[02-manual] context.cookies() = [
  {
    "name": "sessionId",
    "value": "019f7bc8-d0ce-7000-b6be-ca8704dd8ee0",
    "domain": "localhost",
    "path": "/",
    "expires": 1784491786.062924,
    "httpOnly": true,
    "secure": false,
    "sameSite": "Strict"
  }
]
[02-manual] whoami = you are: 019f7bc8-d0ce-7000-b6be-ca8704dd8ee0
done
