[02:10:10] === auto-publish 開始 (pipeline: logs/pipeline-20260705-021009)
[02:10:10] ── search 開始 (timeout=2400s, max-turns=80)
[02:10:10]    prompt: /search-topic
[02:10:10] WARN: timeout/gtimeout が無いためタイムアウト無しで実行する
[02:14:12]    search 完了 → research/search-topic-20260705-0212.md
[02:14:12] ── plan 開始 (timeout=1800s, max-turns=60)
[02:14:12]    prompt: /plan-practice 対象レポート: research/search-topic-20260705-0212.md
[02:14:12] WARN: timeout/gtimeout が無いためタイムアウト無しで実行する
[02:17:15]    plan 完了 → practice/practice-node-native-typescript-20260705-0214.md
[02:17:15] ── run 開始 (timeout=14400s, max-turns=300)
[02:17:15]    prompt: /run-practice 対象タスクファイル: practice/practice-node-native-typescript-20260705-0214.md
[02:17:15] WARN: timeout/gtimeout が無いためタイムアウト無しで実行する
[02:25:36]    run 完了 → logs/run-node-native-typescript-20260705-0217/execution-log.md
[02:25:36] ── draft 開始 (timeout=1800s, max-turns=60)
[02:25:36]    prompt: /draft-article 対象ログ: logs/run-node-native-typescript-20260705-0217/execution-log.md
[02:25:36] WARN: timeout/gtimeout が無いためタイムアウト無しで実行する
[02:28:08]    draft 完了 → articles/node-native-typescript-strip-only-gotchas.md
[02:28:08] ── review 開始 (timeout=1200s, max-turns=50)
[02:28:08]    prompt: /review-article 対象記事: articles/node-native-typescript-strip-only-gotchas.md 出典ログ: logs/run-node-native-typescript-20260705-0217/execution-log.md
[02:28:08] WARN: timeout/gtimeout が無いためタイムアウト無しで実行する
[02:30:07]    review 完了 → logs/review-node-native-typescript-strip-only-gotchas-20260705-0228.md
[02:30:07]    レビュー判定 (round 1/3): pass
[02:30:07] ── publish 開始 (timeout=900s, max-turns=40)
[02:30:07]    prompt: /publish-pr 対象記事: articles/node-native-typescript-strip-only-gotchas.md
[02:30:07] WARN: timeout/gtimeout が無いためタイムアウト無しで実行する
[02:31:31]    PR 作成: https://github.com/RyukaST077/zenn/pull/2
[02:31:35] auto-merge を予約した（必須チェック通過後にマージ→公開される）
[02:31:36] === auto-publish 完了

  記事        : articles/node-native-typescript-strip-only-gotchas.md
  PR          : https://github.com/RyukaST077/zenn/pull/2
  マージ      : 実行/予約済み（マージ＝Zenn公開）
  次のアクション: 公開後に zenn.dev で表示確認（slug 衝突時は revise でリネーム→再PR）
  ログ一式    : logs/pipeline-20260705-021009
