############################################################
## 15:17 Phase2: Temporal on Node v22 (expected failure)
$ node --version
v22.17.0
$ node -e "console.log(typeof Temporal)"
undefined
exit=0
$ node -e "console.log(Temporal.Now.plainDateTimeISO().toString())"  # v22, direct reference
[eval]:1
console.log(Temporal.Now.plainDateTimeISO().toString())
            ^

ReferenceError: Temporal is not defined
    at [eval]:1:13
    at runScriptInThisContext (node:internal/vm:209:10)
    at node:internal/process/execution:449:12
    at [eval]-wrapper:6:24
    at runScriptInContext (node:internal/process/execution:447:60)
    at evalFunction (node:internal/process/execution:87:30)
    at evalScript (node:internal/process/execution:99:3)
    at node:internal/main/eval_string:74:3

Node.js v22.17.0
exit=1
############################################################
## 15:17 Phase2: switch to Node 26 + verify Temporal
$ nvm use 26
Now using node v26.5.0 (npm v11.17.0)
$ node --version
v26.5.0
$ node -e "console.log(typeof Temporal, Temporal.Now.plainDateTimeISO().toString())"
object 2026-07-14T15:17:48.449033936
exit=0
$ node -p "process.versions.v8"
14.6.202.34-node.24

############################################################
## 15:19 Phase3: node workspace/01-date.mjs (TZ=)
$ node workspace/01-date.mjs
元の日付      : 2026-01-31T00:00:00.000Z
setMonth 後   : 2026-03-03T00:00:00.000Z (UTC)
  -> 元の d が変化した?（可変性）: 2026-01-31T00:00:00.000Z => 2026-03-03T00:00:00.000Z
ローカル版     : Tue Mar 03 2026 00:00:00 GMT+0900 (Japan Standard Time)
自前で月末クランプ: 2026-02-28
exit=0

############################################################
## 15:19 Phase3: node workspace/02-temporal.mjs (TZ=)
$ node workspace/02-temporal.mjs
元の日付      : 2026-01-31
add(+1month)  : 2026-02-28 (既定 overflow:constrain で2月末にクランプ)
  -> 元の jan31 は不変?: 2026-01-31
overflow:reject => 例外: RangeError: Temporal error: not a valid ISO date.
overflow:constrain: 2026-02-28
exit=0

############################################################
## 15:19 Phase3: node workspace/03-tz.mjs (TZ=)
$ node workspace/03-tz.mjs
[Date] UTC        : 2026-07-14T12:00:00.000Z
[Date] New York   : 7/14/2026, 8:00:00 AM
[Date] Tokyo      : 7/14/2026, 9:00:00 PM
[Temporal] Instant: 2026-07-14T12:00:00Z
[Temporal] NewYork: 2026-07-14T08:00:00-04:00[America/New_York]
[Temporal] Tokyo  : 2026-07-14T21:00:00+09:00[Asia/Tokyo]
  -> ny.timeZoneId: America/New_York / ny.hour: 8
[Temporal] PlainDateTime.toZonedDateTime() => 例外: TypeError: Temporal error: Time zone must be string or ZonedDateTime object.
[Temporal] toZonedDateTime("Asia/Tokyo"): 2026-07-14T12:00:00+09:00[Asia/Tokyo]
exit=0

############################################################
## 15:19 Phase3: node workspace/04-diff.mjs (TZ=)
$ node workspace/04-diff.mjs
[Date] 差(ms)     : 14212800000
[Date] 差(日)     : 164.5
[Date] 差(日,整数): 164
[Temporal] since()（既定）   : P164DT12H
[Temporal] since(largestUnit:day): P164DT12H
  -> days: 164 / hours: 12 / minutes: 0
[Temporal] since(largestUnit:month): P5M14DT12H => months: 5 days: 14
[Temporal] Instant.since(hour): PT3948H => total days: 164.5
exit=0

############################################################
## 15:19 Phase3: node workspace/05-convert.mjs (TZ=)
$ node workspace/05-convert.mjs
Date               : 2026-07-14T12:34:56.789Z
-> Instant         : 2026-07-14T12:34:56.789Z
   epochMilliseconds: 1784032496789
Instant -> Date     : 2026-07-14T12:34:56.789Z
   往復一致?         : true
typeof Date.prototype.toTemporalInstant: function
now.toTemporalInstant(): 2026-07-14T12:34:56.789Z
Instant -> ZonedDateTime(Tokyo): 2026-07-14T21:34:56.789+09:00[Asia/Tokyo]
ZonedDateTime -> Date: 2026-07-14T12:34:56.789Z
exit=0

############################################################
## 15:19 Phase4: node workspace/06-extra.mjs
$ node workspace/06-extra.mjs
[1] add(+1M) 既定       : 2026-02-28 (overflow指定なし)
[2] from(2026-02-30, reject): RangeError: Temporal error: Parsed day value not in a valid range.
[2] from(2026-02-30, constrain): 2026-02-28
[3] PlainDate.since 既定 : P164D (largestUnit未指定)
[3] PlainDate.since month: P5M14D
[4] Temporal.Now.timeZoneId(): Asia/Tokyo
[4] Temporal.Now.zonedDateTimeISO(): 2026-07-14T15:19:43.290044922+09:00[Asia/Tokyo]
file:///Users/katayamaryuunosuke/workspace/024_zenn/logs/run-node26-temporal-vs-date-20260714-1517/workspace/06-extra.mjs:28
console.log('[5] Duration.total(week) :', dur.total({ unit: 'week' }));
                                              ^

RangeError: Temporal error: 
    at Duration.total (<anonymous>)
    at file:///Users/katayamaryuunosuke/workspace/024_zenn/logs/run-node26-temporal-vs-date-20260714-1517/workspace/06-extra.mjs:28:47
    at ModuleJob.run (node:internal/modules/esm/module_job:569:25)
    at async node:internal/modules/esm/loader:650:26
    at async asyncRunEntryPointWithESMLoader (node:internal/modules/run_main:101:5)

Node.js v26.5.0
exit=1

## 15:19 Phase4: Duration.total week の詰まりと対処
$ node -e '...total(week) with relativeTo...'
total(day)          : 164
total(week,relativeTo): 23.428571428571427
exit=0
